0 info it worked if it ends with ok
1 verbose cli [ '/Users/LAT4789/.nvm/versions/node/v6.0.0/bin/node',
1 verbose cli   '/Users/LAT4789/.nvm/versions/node/v6.0.0/bin/npm',
1 verbose cli   'start' ]
2 info using npm@3.8.6
3 info using node@v6.0.0
4 verbose stack Error: ENOENT: no such file or directory, open '/Users/LAT4789/Desktop/DoJoAssignments/nwstrn-wkshp/heather_latham/package.json'
4 verbose stack     at Error (native)
5 verbose cwd /Users/LAT4789/Desktop/DoJoAssignments/nwstrn-wkshp/heather_latham/reactcode
6 error Darwin 15.6.0
7 error argv "/Users/LAT4789/.nvm/versions/node/v6.0.0/bin/node" "/Users/LAT4789/.nvm/versions/node/v6.0.0/bin/npm" "start"
8 error node v6.0.0
9 error npm  v3.8.6
10 error path /Users/LAT4789/Desktop/DoJoAssignments/nwstrn-wkshp/heather_latham/package.json
11 error code ENOENT
12 error errno -2
13 error syscall open
14 error enoent ENOENT: no such file or directory, open '/Users/LAT4789/Desktop/DoJoAssignments/nwstrn-wkshp/heather_latham/package.json'
15 error enoent ENOENT: no such file or directory, open '/Users/LAT4789/Desktop/DoJoAssignments/nwstrn-wkshp/heather_latham/package.json'
15 error enoent This is most likely not a problem with npm itself
15 error enoent and is related to npm not being able to find a file.
16 verbose exit [ -2, true ]
